<?xml version="1.0" encoding="UTF-8"?>
<!-- Generated by org.testng.reporters.JUnitReportReporter -->
<testsuite hostname="TULP048" failures="0" tests="1" name="com.testing.test.testscripts.TestCase05_PutParticularrequest" time="0.046" errors="0" timestamp="20 Jun 2023 12:21:02 GMT" skipped="0">
  <testcase classname="com.testing.test.testscripts.TestCase05_PutParticularrequest" name="updateParticularData" time="0.046"/>
</testsuite> <!-- com.testing.test.testscripts.TestCase05_PutParticularrequest -->
