<?xml version="1.0" encoding="UTF-8"?>
<!-- Generated by org.testng.reporters.JUnitReportReporter -->
<testsuite hostname="TULP048" failures="0" tests="1" name="com.testing.test.testscripts.TestCase01_Postrequest" time="1.249" errors="0" timestamp="27 Jun 2023 11:13:43 GMT" skipped="0">
  <testcase classname="com.testing.test.testscripts.TestCase01_Postrequest" name="postRequest" time="1.249"/>
</testsuite> <!-- com.testing.test.testscripts.TestCase01_Postrequest -->
