<?xml version="1.0" encoding="UTF-8"?>
<!-- Generated by org.testng.reporters.JUnitReportReporter -->
<testsuite hostname="TULP048" failures="0" tests="1" name="com.testing.test.testscripts.TestCase06_Patchrequest" time="0.030" errors="0" timestamp="20 Jun 2023 12:21:02 GMT" skipped="0">
  <testcase classname="com.testing.test.testscripts.TestCase06_Patchrequest" name="patchRequest" time="0.030"/>
</testsuite> <!-- com.testing.test.testscripts.TestCase06_Patchrequest -->
